<?xml version="1.0" encoding="UTF-8"?>
<!-- Generated by org.testng.reporters.JUnitXMLReporter -->
<testsuite ignored="0" hostname="Amulyas-MacBook-Air.local" failures="0" tests="5" name="Default test" time="52.452" errors="0" timestamp="12 May 2018 20:23:20 GMT">
  <testcase classname="demo.EnrollmentWithTestNGDataProvider" name="enrollment" time="3.225"/>
  <testcase classname="demo.EnrollmentWithTestNGDataProvider" name="enrollment" time="3.104"/>
  <testcase classname="demo.EnrollmentWithTestNGDataProvider" name="enrollment" time="3.68"/>
  <testcase classname="demo.EnrollmentWithTestNGDataProvider" name="enrollment" time="3.48"/>
  <testcase classname="demo.EnrollmentWithTestNGDataProvider" name="enrollment" time="3.347"/>
</testsuite> <!-- Default test -->
