<?xml version="1.0" encoding="UTF-8"?>
<!-- Generated by org.testng.reporters.JUnitXMLReporter -->
<testsuite ignored="0" hostname="Amulyas-MacBook-Air.local" failures="0" tests="5" name="WebScenarios" time="30.139" errors="0" timestamp="12 May 2018 18:34:04 GMT">
  <testcase classname="demo.EnrollmentWithTestNGDataProvider" name="enrollment" time="2.965"/>
  <testcase classname="demo.EnrollmentWithTestNGParam" name="enrollment123" time="2.41"/>
  <testcase classname="demo.EnrollmentWithTestNGDataProvider" name="enrollment" time="2.432"/>
  <testcase classname="demo.EnrollmentWithTestNGDataProvider" name="enrollment" time="2.166"/>
  <testcase classname="demo.EnrollmentWithTestNGDataProvider" name="enrollment" time="1.707"/>
</testsuite> <!-- WebScenarios -->
