<?xml version="1.0" encoding="UTF-8"?>
<!-- Generated by org.testng.reporters.JUnitXMLReporter -->
<testsuite ignored="0" hostname="Amulyas-MacBook-Air.local" failures="1" tests="1" name="SouthWest" time="5.781" errors="0" timestamp="12 May 2018 18:35:11 GMT">
  <testcase classname="demo.Enrollment" name="enrollment" time="0.119">
    <failure type="java.lang.NullPointerException">
      <![CDATA[java.lang.NullPointerException
at demo.Enrollment.enrollment(Enrollment.java:30)
... Removed 25 stack frames]]>
    </failure>
  </testcase> <!-- enrollment -->
</testsuite> <!-- SouthWest -->
