<?xml version="1.0" encoding="UTF-8"?>
<testng-results ignored="0" total="2" passed="2" failed="0" skipped="0">
  <reporter-output>
  </reporter-output>
  <suite started-at="2018-05-16T01:24:34Z" name="SouthWestNovRelease" finished-at="2018-05-16T01:24:49Z" duration-ms="15252">
    <groups>
    </groups>
    <test started-at="2018-05-16T01:24:34Z" name="WebScenarios" finished-at="2018-05-16T01:24:49Z" duration-ms="15252">
      <class name="demo.EnrollmentWithTestNGParam">
        <test-method is-config="true" signature="launcApp()[pri:0, instance:demo.EnrollmentWithTestNGParam@3c0be339]" started-at="2018-05-16T01:24:34Z" name="launcApp" finished-at="2018-05-16T01:24:45Z" duration-ms="11561" status="PASS">
          <reporter-output>
          </reporter-output>
        </test-method> <!-- launcApp -->
        <test-method signature="enrollment123(java.lang.String, java.lang.String)[pri:0, instance:demo.EnrollmentWithTestNGParam@3c0be339]" started-at="2018-05-16T01:24:45Z" name="enrollment123" finished-at="2018-05-16T01:24:49Z" duration-ms="3650" status="PASS">
          <params>
            <param index="0">
              <value>
                <![CDATA[Kumar]]>
              </value>
            </param>
            <param index="1">
              <value>
                <![CDATA[H2K]]>
              </value>
            </param>
          </params>
          <reporter-output>
          </reporter-output>
        </test-method> <!-- enrollment123 -->
      </class> <!-- demo.EnrollmentWithTestNGParam -->
      <class name="demo.FirstSWDTest">
        <test-method signature="example()[pri:0, instance:demo.FirstSWDTest@15ca7889]" started-at="2018-05-16T01:24:34Z" name="example" finished-at="2018-05-16T01:24:48Z" duration-ms="14083" status="PASS">
          <reporter-output>
          </reporter-output>
        </test-method> <!-- example -->
      </class> <!-- demo.FirstSWDTest -->
    </test> <!-- WebScenarios -->
  </suite> <!-- SouthWestNovRelease -->
</testng-results>
